~/espressif  $ git clone https://github.com/espressif/esp-idf.git --recursive

Клонирование в «esp-idf»…

remote: Enumerating objects: 265284, done.

remote: Counting objects: 100% (3872/3872), done.

remote: Compressing objects: 100% (1844/1844), done.

remote: Total 265284 (delta 1993), reused 3378 (delta 1860), pack-reused 261412

Получение объектов: 100% (265284/265284), 148.87 МиБ | 10.94 МиБ/с, готово.

Определение изменений: 100% (195633/195633), готово.

Подмодуль «components/asio/asio» (https://github.com/espressif/asio.git) зарегистрирован по пути «components/asio/asio»

Подмодуль «components/bootloader/subproject/components/micro-ecc/micro-ecc» (https://github.com/kmackay/micro-ecc.git) зарегистрирован по пути «components/bootloader/subproject/components/micro-ecc/micro-ecc»

Подмодуль «components/bt/controller/lib_esp32» (https://github.com/espressif/esp32-bt-lib.git) зарегистрирован по пути «components/bt/controller/lib_esp32»

Подмодуль «components/bt/controller/lib_esp32c3_family» (https://github.com/espressif/esp32c3-bt-lib.git) зарегистрирован по пути «components/bt/controller/lib_esp32c3_family»

Подмодуль «components/bt/host/nimble/nimble» (https://github.com/espressif/esp-nimble.git) зарегистрирован по пути «components/bt/host/nimble/nimble»

Подмодуль «components/cbor/tinycbor» (https://github.com/intel/tinycbor.git) зарегистрирован по пути «components/cbor/tinycbor»

Подмодуль «components/cmock/CMock» (https://github.com/ThrowTheSwitch/CMock.git) зарегистрирован по пути «components/cmock/CMock»

Подмодуль «components/coap/libcoap» (https://github.com/obgm/libcoap.git) зарегистрирован по пути «components/coap/libcoap»

Подмодуль «components/esp_phy/lib» (https://github.com/espressif/esp-phy-lib.git) зарегистрирован по пути «components/esp_phy/lib»

Подмодуль «components/esp_wifi/lib» (https://github.com/espressif/esp32-wifi-lib.git) зарегистрирован по пути «components/esp_wifi/lib»

Подмодуль «components/esptool_py/esptool» (https://github.com/espressif/esptool.git) зарегистрирован по пути «components/esptool_py/esptool»

Подмодуль «components/expat/expat» (https://github.com/libexpat/libexpat.git) зарегистрирован по пути «components/expat/expat»

Подмодуль «components/ieee802154/lib» (https://github.com/espressif/esp-ieee802154-lib.git) зарегистрирован по пути «components/ieee802154/lib»

Подмодуль «components/json/cJSON» (https://github.com/DaveGamble/cJSON.git) зарегистрирован по пути «components/json/cJSON»

Подмодуль «components/libsodium/libsodium» (https://github.com/jedisct1/libsodium.git) зарегистрирован по пути «components/libsodium/libsodium»

Подмодуль «components/lwip/lwip» (https://github.com/espressif/esp-lwip.git) зарегистрирован по пути «components/lwip/lwip»

Подмодуль «components/mbedtls/mbedtls» (https://github.com/espressif/mbedtls.git) зарегистрирован по пути «components/mbedtls/mbedtls»

Подмодуль «components/mqtt/esp-mqtt» (https://github.com/espressif/esp-mqtt.git) зарегистрирован по пути «components/mqtt/esp-mqtt»

Подмодуль «components/nghttp/nghttp2» (https://github.com/nghttp2/nghttp2.git) зарегистрирован по пути «components/nghttp/nghttp2»

Подмодуль «components/openthread/lib» (https://github.com/espressif/esp-thread-lib.git) зарегистрирован по пути «components/openthread/lib»

Подмодуль «components/openthread/openthread» (https://github.com/espressif/openthread.git) зарегистрирован по пути «components/openthread/openthread»

Подмодуль «components/protobuf-c/protobuf-c» (https://github.com/protobuf-c/protobuf-c.git) зарегистрирован по пути «components/protobuf-c/protobuf-c»

Подмодуль «components/spiffs/spiffs» (https://github.com/pellepl/spiffs.git) зарегистрирован по пути «components/spiffs/spiffs»

Подмодуль «components/tinyusb/tinyusb» (https://github.com/espressif/tinyusb.git) зарегистрирован по пути «components/tinyusb/tinyusb»

Подмодуль «components/unity/unity» (https://github.com/ThrowTheSwitch/Unity.git) зарегистрирован по пути «components/unity/unity»

Подмодуль «examples/build_system/cmake/import_lib/main/lib/tinyxml2» (https://github.com/leethomason/tinyxml2.git) зарегистрирован по пути «examples/build_system/cmake/import_lib/main/lib/tinyxml2»

Подмодуль «examples/peripherals/secure_element/atecc608_ecdsa/components/esp-cryptoauthlib» (https://github.com/espressif/esp-cryptoauthlib.git) зарегистрирован по пути «examples/peripherals/secure_element/atecc608_ecdsa/components/esp-cryptoauthlib»

Клонирование в «/home/denis/espressif/esp-idf/components/asio/asio»…

remote: Enumerating objects: 48394, done.

remote: Counting objects: 100% (15239/15239), done.

remote: Compressing objects: 100% (1324/1324), done.

remote: Total 48394 (delta 14813), reused 13915 (delta 13915), pack-reused 33155

Получение объектов: 100% (48394/48394), 15.06 МиБ | 9.87 МиБ/с, готово.

Определение изменений: 100% (33905/33905), готово.

Клонирование в «/home/denis/espressif/esp-idf/components/bootloader/subproject/components/micro-ecc/micro-ecc»…

remote: Enumerating objects: 1143, done.

remote: Counting objects: 100% (48/48), done.

remote: Compressing objects: 100% (37/37), done.

remote: Total 1143 (delta 21), reused 28 (delta 9), pack-reused 1095

Получение объектов: 100% (1143/1143), 687.07 КиБ | 2.38 МиБ/с, готово.

Определение изменений: 100% (664/664), готово.

Клонирование в «/home/denis/espressif/esp-idf/components/bt/controller/lib_esp32»…

remote: Enumerating objects: 1547, done.

remote: Counting objects: 100% (667/667), done.

remote: Compressing objects: 100% (363/363), done.

remote: Total 1547 (delta 427), reused 525 (delta 285), pack-reused 880

Получение объектов: 100% (1547/1547), 6.13 МиБ | 9.09 МиБ/с, готово.

Определение изменений: 100% (1025/1025), готово.

Клонирование в «/home/denis/espressif/esp-idf/components/bt/controller/lib_esp32c3_family»…

remote: Enumerating objects: 107, done.

remote: Counting objects: 100% (107/107), done.

remote: Compressing objects: 100% (69/69), done.

remote: Total 107 (delta 46), reused 86 (delta 25), pack-reused 0

Получение объектов: 100% (107/107), 383.46 КиБ | 2.64 МиБ/с, готово.

Определение изменений: 100% (46/46), готово.

Клонирование в «/home/denis/espressif/esp-idf/components/bt/host/nimble/nimble»…

remote: Enumerating objects: 40824, done.

remote: Counting objects: 100% (380/380), done.

remote: Compressing objects: 100% (141/141), done.

remote: Total 40824 (delta 261), reused 338 (delta 234), pack-reused 40444

Получение объектов: 100% (40824/40824), 11.91 МиБ | 9.76 МиБ/с, готово.

Определение изменений: 100% (24989/24989), готово.

Клонирование в «/home/denis/espressif/esp-idf/components/cbor/tinycbor»…

remote: Enumerating objects: 2797, done.

remote: Counting objects: 100% (27/27), done.

remote: Compressing objects: 100% (19/19), done.

remote: Total 2797 (delta 12), reused 17 (delta 8), pack-reused 2770

Получение объектов: 100% (2797/2797), 1.30 МиБ | 4.79 МиБ/с, готово.

Определение изменений: 100% (1888/1888), готово.

Клонирование в «/home/denis/espressif/esp-idf/components/cmock/CMock»…

remote: Enumerating objects: 5719, done.

remote: Counting objects: 100% (108/108), done.

remote: Compressing objects: 100% (73/73), done.

remote: Total 5719 (delta 52), reused 61 (delta 25), pack-reused 5611

Получение объектов: 100% (5719/5719), 3.60 МиБ | 7.83 МиБ/с, готово.

Определение изменений: 100% (3881/3881), готово.

Клонирование в «/home/denis/espressif/esp-idf/components/coap/libcoap»…

remote: Enumerating objects: 12280, done.

remote: Counting objects: 100% (1351/1351), done.

remote: Compressing objects: 100% (442/442), done.

remote: Total 12280 (delta 888), reused 1218 (delta 853), pack-reused 10929

Получение объектов: 100% (12280/12280), 5.46 МиБ | 9.02 МиБ/с, готово.

Определение изменений: 100% (8697/8697), готово.

Клонирование в «/home/denis/espressif/esp-idf/components/esp_phy/lib»…

remote: Enumerating objects: 45, done.

remote: Counting objects: 100% (45/45), done.

remote: Compressing objects: 100% (38/38), done.

remote: Total 45 (delta 9), reused 42 (delta 6), pack-reused 0

Получение объектов: 100% (45/45), 687.79 КиБ | 644.00 КиБ/с, готово.

Определение изменений: 100% (9/9), готово.

Клонирование в «/home/denis/espressif/esp-idf/components/esp_wifi/lib»…

remote: Enumerating objects: 15182, done.

remote: Counting objects: 100% (2927/2927), done.

remote: Compressing objects: 100% (598/598), done.

remote: Total 15182 (delta 2362), reused 2892 (delta 2329), pack-reused 12255

Получение объектов: 100% (15182/15182), 174.46 МиБ | 10.76 МиБ/с, готово.

Определение изменений: 100% (12417/12417), готово.

Клонирование в «/home/denis/espressif/esp-idf/components/esptool_py/esptool»…

remote: Enumerating objects: 3410, done.

remote: Counting objects: 100% (447/447), done.

remote: Compressing objects: 100% (248/248), done.

remote: Total 3410 (delta 268), reused 338 (delta 197), pack-reused 2963

Получение объектов: 100% (3410/3410), 10.72 МиБ | 8.51 МиБ/с, готово.

Определение изменений: 100% (2139/2139), готово.

Клонирование в «/home/denis/espressif/esp-idf/components/expat/expat»…

remote: Enumerating objects: 17563, done.

remote: Counting objects: 100% (1063/1063), done.

remote: Compressing objects: 100% (381/381), done.

remote: Total 17563 (delta 733), reused 935 (delta 672), pack-reused 16500

Получение объектов: 100% (17563/17563), 14.40 МиБ | 10.28 МиБ/с, готово.

Определение изменений: 100% (13077/13077), готово.

Клонирование в «/home/denis/espressif/esp-idf/components/ieee802154/lib»…

remote: Enumerating objects: 22, done.

remote: Counting objects: 100% (22/22), done.

remote: Compressing objects: 100% (15/15), done.

remote: Total 22 (delta 6), reused 20 (delta 4), pack-reused 0

Получение объектов: 100% (22/22), 54.74 КиБ | 1.12 МиБ/с, готово.

Определение изменений: 100% (6/6), готово.

Клонирование в «/home/denis/espressif/esp-idf/components/json/cJSON»…

remote: Enumerating objects: 4498, done.

remote: Counting objects: 100% (16/16), done.

remote: Compressing objects: 100% (16/16), done.

remote: Total 4498 (delta 4), reused 7 (delta 0), pack-reused 4482

Получение объектов: 100% (4498/4498), 2.46 МиБ | 6.38 МиБ/с, готово.

Определение изменений: 100% (2987/2987), готово.

Клонирование в «/home/denis/espressif/esp-idf/components/libsodium/libsodium»…

remote: Enumerating objects: 32905, done.

remote: Counting objects: 100% (512/512), done.

remote: Compressing objects: 100% (266/266), done.

remote: Total 32905 (delta 260), reused 448 (delta 235), pack-reused 32393

Получение объектов: 100% (32905/32905), 8.66 МиБ | 9.59 МиБ/с, готово.

Определение изменений: 100% (19517/19517), готово.

Клонирование в «/home/denis/espressif/esp-idf/components/lwip/lwip»…

remote: Enumerating objects: 50119, done.

remote: Counting objects: 100% (153/153), done.

remote: Compressing objects: 100% (101/101), done.

remote: Total 50119 (delta 90), reused 92 (delta 51), pack-reused 49966

Получение объектов: 100% (50119/50119), 9.93 МиБ | 9.59 МиБ/с, готово.

Определение изменений: 100% (37831/37831), готово.

Клонирование в «/home/denis/espressif/esp-idf/components/mbedtls/mbedtls»…

remote: Enumerating objects: 77211, done.

remote: Total 77211 (delta 0), reused 0 (delta 0), pack-reused 77211

Получение объектов: 100% (77211/77211), 34.91 МиБ | 10.43 МиБ/с, готово.

Определение изменений: 100% (59486/59486), готово.

Клонирование в «/home/denis/espressif/esp-idf/components/mqtt/esp-mqtt»…

remote: Enumerating objects: 2558, done.

remote: Counting objects: 100% (268/268), done.

remote: Compressing objects: 100% (148/148), done.

remote: Total 2558 (delta 147), reused 234 (delta 115), pack-reused 2290

Получение объектов: 100% (2558/2558), 1.53 МиБ | 5.48 МиБ/с, готово.

Определение изменений: 100% (1378/1378), готово.

Клонирование в «/home/denis/espressif/esp-idf/components/nghttp/nghttp2»…

remote: Enumerating objects: 41726, done.

remote: Counting objects: 100% (1000/1000), done.

remote: Compressing objects: 100% (372/372), done.

remote: Total 41726 (delta 652), reused 941 (delta 624), pack-reused 40726

Получение объектов: 100% (41726/41726), 34.54 МиБ | 10.63 МиБ/с, готово.

Определение изменений: 100% (30992/30992), готово.

Клонирование в «/home/denis/espressif/esp-idf/components/openthread/lib»…

remote: Enumerating objects: 143, done.

remote: Counting objects: 100% (143/143), done.

remote: Compressing objects: 100% (78/78), done.

remote: Total 143 (delta 74), reused 127 (delta 58), pack-reused 0

Получение объектов: 100% (143/143), 2.61 МиБ | 7.18 МиБ/с, готово.

Определение изменений: 100% (74/74), готово.

Клонирование в «/home/denis/espressif/esp-idf/components/openthread/openthread»…

remote: Enumerating objects: 83554, done.

remote: Counting objects: 100% (63/63), done.

remote: Compressing objects: 100% (39/39), done.

remote: Total 83554 (delta 24), reused 34 (delta 24), pack-reused 83491

Получение объектов: 100% (83554/83554), 82.49 МиБ | 8.48 МиБ/с, готово.

Определение изменений: 100% (65311/65311), готово.

Клонирование в «/home/denis/espressif/esp-idf/components/protobuf-c/protobuf-c»…

remote: Enumerating objects: 3650, done.

remote: Counting objects: 100% (117/117), done.

remote: Compressing objects: 100% (81/81), done.

remote: Total 3650 (delta 59), reused 71 (delta 31), pack-reused 3533

Получение объектов: 100% (3650/3650), 1.49 МиБ | 3.46 МиБ/с, готово.

Определение изменений: 100% (2326/2326), готово.

Клонирование в «/home/denis/espressif/esp-idf/components/spiffs/spiffs»…

remote: Enumerating objects: 1502, done.

remote: Counting objects: 100% (19/19), done.

remote: Compressing objects: 100% (14/14), done.

remote: Total 1502 (delta 7), reused 12 (delta 5), pack-reused 1483

Получение объектов: 100% (1502/1502), 1.06 МиБ | 3.69 МиБ/с, готово.

Определение изменений: 100% (1042/1042), готово.

Клонирование в «/home/denis/espressif/esp-idf/components/tinyusb/tinyusb»…

remote: Enumerating objects: 49097, done.

remote: Counting objects: 100% (1406/1406), done.

remote: Compressing objects: 100% (638/638), done.

remote: Total 49097 (delta 759), reused 1254 (delta 721), pack-reused 47691

Получение объектов: 100% (49097/49097), 26.61 МиБ | 9.77 МиБ/с, готово.

Определение изменений: 100% (32404/32404), готово.

Клонирование в «/home/denis/espressif/esp-idf/components/unity/unity»…

remote: Enumerating objects: 5865, done.

remote: Counting objects: 100% (88/88), done.

remote: Compressing objects: 100% (56/56), done.

remote: Total 5865 (delta 43), reused 69 (delta 32), pack-reused 5777

Получение объектов: 100% (5865/5865), 6.62 МиБ | 8.75 МиБ/с, готово.

Определение изменений: 100% (3627/3627), готово.

Клонирование в «/home/denis/espressif/esp-idf/examples/build_system/cmake/import_lib/main/lib/tinyxml2»…

remote: Enumerating objects: 4456, done.

remote: Counting objects: 100% (303/303), done.

remote: Compressing objects: 100% (145/145), done.

remote: Total 4456 (delta 229), reused 188 (delta 158), pack-reused 4153

Получение объектов: 100% (4456/4456), 3.20 МиБ | 3.33 МиБ/с, готово.

Определение изменений: 100% (2961/2961), готово.

Клонирование в «/home/denis/espressif/esp-idf/examples/peripherals/secure_element/atecc608_ecdsa/components/esp-cryptoauthlib»…

remote: Enumerating objects: 596, done.

remote: Counting objects: 100% (596/596), done.

remote: Compressing objects: 100% (303/303), done.

remote: Total 596 (delta 325), reused 553 (delta 282), pack-reused 0

Получение объектов: 100% (596/596), 905.33 КиБ | 4.64 МиБ/с, готово.

Определение изменений: 100% (325/325), готово.

Подмодуль по пути «components/asio/asio»: забрано состояние «f31694c9f1746ba189a4bcae2e34db15135ddb22»

Подмодуль по пути «components/bootloader/subproject/components/micro-ecc/micro-ecc»: забрано состояние «d037ec89546fad14b5c4d5456c2e23a71e554966»

Подмодуль по пути «components/bt/controller/lib_esp32»: забрано состояние «fb49791b7c1a8a35f06e68124c90022667b4cff1»

Подмодуль по пути «components/bt/controller/lib_esp32c3_family»: забрано состояние «9ca8afd50afde57958a67fca65847edc52f7d91c»

Подмодуль по пути «components/bt/host/nimble/nimble»: забрано состояние «aef55bbf636ed580d4d6408a5c2e75d1f70a875e»

Подмодуль по пути «components/cbor/tinycbor»: забрано состояние «7c349dbb6b8d76db39383b226d3ebdf59b8ab37d»

Подмодуль по пути «components/cmock/CMock»: забрано состояние «eeecc49ce8af123cf8ad40efdb9673e37b56230f»

Подмодуль «vendor/c_exception» (https://github.com/throwtheswitch/cexception.git) зарегистрирован по пути «components/cmock/CMock/vendor/c_exception»

Подмодуль «vendor/unity» (https://github.com/throwtheswitch/unity.git) зарегистрирован по пути «components/cmock/CMock/vendor/unity»

Клонирование в «/home/denis/espressif/esp-idf/components/cmock/CMock/vendor/c_exception»…

remote: Enumerating objects: 326, done.

remote: Counting objects: 100% (61/61), done.

remote: Compressing objects: 100% (47/47), done.

remote: Total 326 (delta 23), reused 34 (delta 9), pack-reused 265

Получение объектов: 100% (326/326), 547.04 КиБ | 2.97 МиБ/с, готово.

Определение изменений: 100% (150/150), готово.

Клонирование в «/home/denis/espressif/esp-idf/components/cmock/CMock/vendor/unity»…

remote: Enumerating objects: 5865, done.

remote: Counting objects: 100% (88/88), done.

remote: Compressing objects: 100% (56/56), done.

remote: Total 5865 (delta 43), reused 69 (delta 32), pack-reused 5777

Получение объектов: 100% (5865/5865), 6.62 МиБ | 8.93 МиБ/с, готово.

Определение изменений: 100% (3627/3627), готово.

Подмодуль по пути «components/cmock/CMock/vendor/c_exception»: забрано состояние «71b47be7c950f1bf5f7e5303779fa99a16224bb6»

Подмодуль по пути «components/cmock/CMock/vendor/unity»: забрано состояние «cf949f45ca6d172a177b00da21310607b97bc7a7»

Подмодуль по пути «components/coap/libcoap»: забрано состояние «98954eb30a2e728e172a6cd29430ae5bc999b585»

Подмодуль «ext/tinydtls» (https://github.com/eclipse/tinydtls.git) зарегистрирован по пути «components/coap/libcoap/ext/tinydtls»

Клонирование в «/home/denis/espressif/esp-idf/components/coap/libcoap/ext/tinydtls»…

remote: Enumerating objects: 3360, done.

remote: Counting objects: 100% (789/789), done.

remote: Compressing objects: 100% (120/120), done.

remote: Total 3360 (delta 686), reused 670 (delta 669), pack-reused 2571

Получение объектов: 100% (3360/3360), 987.54 КиБ | 4.26 МиБ/с, готово.

Определение изменений: 100% (2397/2397), готово.

Подмодуль по пути «components/coap/libcoap/ext/tinydtls»: забрано состояние «7f8c86e501e690301630029fa9bae22424adf618»

Подмодуль по пути «components/esp_phy/lib»: забрано состояние «8b1137c35cc3d2b1085e7f857c2530efb115d3a3»

Подмодуль по пути «components/esp_wifi/lib»: забрано состояние «492bb8b01b6ccff1e830b52c7b15d8c3d90101c6»

Подмодуль по пути «components/esptool_py/esptool»: забрано состояние «9876dfe58353f01c873e1543dd0654c5b04314a4»

Подмодуль по пути «components/expat/expat»: забрано состояние «a28238bdeebc087071777001245df1876a11f5ee»

Подмодуль по пути «components/ieee802154/lib»: забрано состояние «efbc05d641040253567e825dae53731da595c7b5»

Подмодуль по пути «components/json/cJSON»: забрано состояние «d2735278ed1c2e4556f53a7a782063b31331dbf7»

Подмодуль по пути «components/libsodium/libsodium»: забрано состояние «4f5e89fa84ce1d178a6765b8b46f2b6f91216677»

Подмодуль по пути «components/lwip/lwip»: забрано состояние «2195f7416fb3136831babf3e96c027a73075bd4f»

Подмодуль по пути «components/mbedtls/mbedtls»: забрано состояние «6465247f67167518b8813ae2faaf422704e4b1a3»

Подмодуль по пути «components/mqtt/esp-mqtt»: забрано состояние «f10321a53b53a146ee299cfecc320b89c0cf6611»

Подмодуль по пути «components/nghttp/nghttp2»: забрано состояние «8f7b008b158e12de0e58247afd170f127dbb6456»

Подмодуль «third-party/mruby» (https://github.com/mruby/mruby) зарегистрирован по пути «components/nghttp/nghttp2/third-party/mruby»

Подмодуль «third-party/neverbleed» (https://github.com/tatsuhiro-t/neverbleed.git) зарегистрирован по пути «components/nghttp/nghttp2/third-party/neverbleed»

Клонирование в «/home/denis/espressif/esp-idf/components/nghttp/nghttp2/third-party/mruby»…

remote: Enumerating objects: 65288, done.

remote: Counting objects: 100% (865/865), done.

remote: Compressing objects: 100% (342/342), done.

remote: Total 65288 (delta 484), reused 835 (delta 480), pack-reused 64423

Получение объектов: 100% (65288/65288), 17.60 МиБ | 10.21 МиБ/с, готово.

Определение изменений: 100% (40872/40872), готово.

Клонирование в «/home/denis/espressif/esp-idf/components/nghttp/nghttp2/third-party/neverbleed»…

remote: Enumerating objects: 234, done.

remote: Total 234 (delta 0), reused 0 (delta 0), pack-reused 234

Получение объектов: 100% (234/234), 83.16 КиБ | 860.00 КиБ/с, готово.

Определение изменений: 100% (144/144), готово.

Подмодуль по пути «components/nghttp/nghttp2/third-party/mruby»: забрано состояние «7c91efc1ffda769a5f1a872c646c82b00698f1b8»

Подмодуль по пути «components/nghttp/nghttp2/third-party/neverbleed»: забрано состояние «b967ca054f48a36f82d8fcdd32e54ec5144f2751»

Подмодуль по пути «components/openthread/lib»: забрано состояние «105f3610d2258d7a7dd1c72f5f1adea89077c6cc»

Подмодуль по пути «components/openthread/openthread»: забрано состояние «a662c32eb074cc624bf344f810f65f8637a89552»

Подмодуль по пути «components/protobuf-c/protobuf-c»: забрано состояние «dac1a65feac4ad72f612aab99f487056fbcf5c1a»

Подмодуль по пути «components/spiffs/spiffs»: забрано состояние «f5e26c4e933189593a71c6b82cda381a7b21e41c»

Подмодуль по пути «components/tinyusb/tinyusb»: забрано состояние «c4badd394eda18199c0196ed0be1e2d635f0a5f6»

Подмодуль по пути «components/unity/unity»: забрано состояние «7d2bf62b7e6afaf38153041a9d53c21aeeca9a25»

Подмодуль по пути «examples/build_system/cmake/import_lib/main/lib/tinyxml2»: забрано состояние «7e8e249990ec491ec15990cf95b6d871a66cf64a»

Подмодуль по пути «examples/peripherals/secure_element/atecc608_ecdsa/components/esp-cryptoauthlib»: забрано состояние «bb672b0437485fc7420add178299631692b15ac3»

