PS C:\Users\grand\esp32\test01> cd ..\hello_world\

PS C:\Users\grand\esp32\hello_world> idf.py build

Executing action: all (aliases: build)

Running cmake in directory c:\users\grand\esp32\hello_world\build

Executing "cmake -G Ninja -DPYTHON_DEPS_CHECKED=1 -DESP_PLATFORM=1 -DCCACHE_ENABLE=1 c:\users\grand\esp32\hello_world"...

-- IDF_TARGET not set, using default target: esp32

-- Found Git: C:/Program Files/Git/cmd/git.exe (found version "2.33.0.windows.1")

-- ccache will be used for faster recompilation

-- The C compiler identification is GNU 8.4.0

-- The CXX compiler identification is GNU 8.4.0

-- The ASM compiler identification is GNU

-- Found assembler: C:/Users/grand/.espressif/tools/xtensa-esp32-elf/esp-2021r1-8.4.0/xtensa-esp32-elf/bin/xtensa-esp32-elf-gcc.exe

-- Detecting C compiler ABI info

-- Detecting C compiler ABI info - done

-- Check for working C compiler: C:/Users/grand/.espressif/tools/xtensa-esp32-elf/esp-2021r1-8.4.0/xtensa-esp32-elf/bin/xtensa-esp32-elf-gcc.exe - skipped

-- Detecting C compile features

-- Detecting C compile features - done

-- Detecting CXX compiler ABI info

-- Detecting CXX compiler ABI info - done

-- Check for working CXX compiler: C:/Users/grand/.espressif/tools/xtensa-esp32-elf/esp-2021r1-8.4.0/xtensa-esp32-elf/bin/xtensa-esp32-elf-g++.exe - skipped

-- Detecting CXX compile features

-- Detecting CXX compile features - done

-- Project is not inside a git repository, or git repository has no commits; will not use 'git describe' to determine PROJECT_VER.

-- Building ESP-IDF components for target esp32

-- Project sdkconfig file C:/Users/grand/esp32/hello_world/sdkconfig

-- Found PythonInterp: C:/Users/grand/.espressif/python_env/idf4.4_py3.9_env/Scripts/python.exe (found version "3.9.6")

-- Could NOT find Perl (missing: PERL_EXECUTABLE)

-- App "hello-world" version: 1

-- Adding linker script C:/Users/grand/esp32/hello_world/build/esp-idf/esp_system/ld/memory.ld

-- Adding linker script C:/Users/grand/espressif/esp-idf/components/esp_system/ld/esp32/sections.ld.in

-- Adding linker script C:/Users/grand/espressif/esp-idf/components/esp_rom/esp32/ld/esp32.rom.ld

-- Adding linker script C:/Users/grand/espressif/esp-idf/components/esp_rom/esp32/ld/esp32.rom.api.ld

-- Adding linker script C:/Users/grand/espressif/esp-idf/components/esp_rom/esp32/ld/esp32.rom.libgcc.ld

-- Adding linker script C:/Users/grand/espressif/esp-idf/components/esp_rom/esp32/ld/esp32.rom.newlib-data.ld

-- Adding linker script C:/Users/grand/espressif/esp-idf/components/esp_rom/esp32/ld/esp32.rom.syscalls.ld

-- Adding linker script C:/Users/grand/espressif/esp-idf/components/esp_rom/esp32/ld/esp32.rom.newlib-funcs.ld

-- Adding linker script C:/Users/grand/espressif/esp-idf/components/esp_rom/esp32/ld/esp32.rom.newlib-time.ld

-- Adding linker script C:/Users/grand/espressif/esp-idf/components/soc/esp32/ld/esp32.peripherals.ld

-- Components: app_trace app_update asio bootloader bootloader_support bt cbor cmock coap console cxx driver efuse esp-tls esp32 esp_adc_cal esp_common esp_eth esp_event esp_gdbstub esp_hid esp_http_client esp_http_server esp_https_ota esp_https_server esp_hw_support esp_ipc esp_lcd esp_local_ctrl esp_netif esp_phy esp_pm esp_ringbuf esp_rom esp_serial_slave_link esp_system esp_timer esp_websocket_client esp_wifi espcoredump esptool_py expat fatfs freemodbus freertos hal heap idf_test ieee802154 jsmn json libsodium log lwip main mbedtls mdns mqtt newlib nghttp nvs_flash openssl openthread partition_table perfmon protobuf-c protocomm pthread sdmmc soc spi_flash spiffs tcp_transport tcpip_adapter tinyusb ulp unity usb vfs wear_levelling wifi_provisioning wpa_supplicant xtensa

-- Component paths: C:/Users/grand/espressif/esp-idf/components/app_trace C:/Users/grand/espressif/esp-idf/components/app_update C:/Users/grand/espressif/esp-idf/components/asio C:/Users/grand/espressif/esp-idf/components/bootloader C:/Users/grand/espressif/esp-idf/components/bootloader_support C:/Users/grand/espressif/esp-idf/components/bt C:/Users/grand/espressif/esp-idf/components/cbor C:/Users/grand/espressif/esp-idf/components/cmock C:/Users/grand/espressif/esp-idf/components/coap C:/Users/grand/espressif/esp-idf/components/console C:/Users/grand/espressif/esp-idf/components/cxx C:/Users/grand/espressif/esp-idf/components/driver C:/Users/grand/espressif/esp-idf/components/efuse C:/Users/grand/espressif/esp-idf/components/esp-tls C:/Users/grand/espressif/esp-idf/components/esp32 C:/Users/grand/espressif/esp-idf/components/esp_adc_cal C:/Users/grand/espressif/esp-idf/components/esp_common C:/Users/grand/espressif/esp-idf/components/esp_eth C:/Users/grand/espressif/esp-idf/components/esp_event C:/Users/grand/espressif/esp-idf/components/esp_gdbstub C:/Users/grand/espressif/esp-idf/components/esp_hid C:/Users/grand/espressif/esp-idf/components/esp_http_client C:/Users/grand/espressif/esp-idf/components/esp_http_server C:/Users/grand/espressif/esp-idf/components/esp_https_ota C:/Users/grand/espressif/esp-idf/components/esp_https_server C:/Users/grand/espressif/esp-idf/components/esp_hw_support C:/Users/grand/espressif/esp-idf/components/esp_ipc C:/Users/grand/espressif/esp-idf/components/esp_lcd C:/Users/grand/espressif/esp-idf/components/esp_local_ctrl C:/Users/grand/espressif/esp-idf/components/esp_netif C:/Users/grand/espressif/esp-idf/components/esp_phy C:/Users/grand/espressif/esp-idf/components/esp_pm C:/Users/grand/espressif/esp-idf/components/esp_ringbuf C:/Users/grand/espressif/esp-idf/components/esp_rom C:/Users/grand/espressif/esp-idf/components/esp_serial_slave_link C:/Users/grand/espressif/esp-idf/components/esp_system C:/Users/grand/espressif/esp-idf/components/esp_timer C:/Users/grand/espressif/esp-idf/components/esp_websocket_client C:/Users/grand/espressif/esp-idf/components/esp_wifi C:/Users/grand/espressif/esp-idf/components/espcoredump C:/Users/grand/espressif/esp-idf/components/esptool_py C:/Users/grand/espressif/esp-idf/components/expat C:/Users/grand/espressif/esp-idf/components/fatfs C:/Users/grand/espressif/esp-idf/components/freemodbus C:/Users/grand/espressif/esp-idf/components/freertos C:/Users/grand/espressif/esp-idf/components/hal C:/Users/grand/espressif/esp-idf/components/heap C:/Users/grand/espressif/esp-idf/components/idf_test C:/Users/grand/espressif/esp-idf/components/ieee802154 C:/Users/grand/espressif/esp-idf/components/jsmn C:/Users/grand/espressif/esp-idf/components/json C:/Users/grand/espressif/esp-idf/components/libsodium C:/Users/grand/espressif/esp-idf/components/log C:/Users/grand/espressif/esp-idf/components/lwip C:/Users/grand/esp32/hello_world/main C:/Users/grand/espressif/esp-idf/components/mbedtls C:/Users/grand/espressif/esp-idf/components/mdns C:/Users/grand/espressif/esp-idf/components/mqtt C:/Users/grand/espressif/esp-idf/components/newlib C:/Users/grand/espressif/esp-idf/components/nghttp C:/Users/grand/espressif/esp-idf/components/nvs_flash C:/Users/grand/espressif/esp-idf/components/openssl C:/Users/grand/espressif/esp-idf/components/openthread C:/Users/grand/espressif/esp-idf/components/partition_table C:/Users/grand/espressif/esp-idf/components/perfmon C:/Users/grand/espressif/esp-idf/components/protobuf-c C:/Users/grand/espressif/esp-idf/components/protocomm C:/Users/grand/espressif/esp-idf/components/pthread C:/Users/grand/espressif/esp-idf/components/sdmmc C:/Users/grand/espressif/esp-idf/components/soc C:/Users/grand/espressif/esp-idf/components/spi_flash C:/Users/grand/espressif/esp-idf/components/spiffs C:/Users/grand/espressif/esp-idf/components/tcp_transport C:/Users/grand/espressif/esp-idf/components/tcpip_adapter C:/Users/grand/espressif/esp-idf/components/tinyusb C:/Users/grand/espressif/esp-idf/components/ulp C:/Users/grand/espressif/esp-idf/components/unity C:/Users/grand/espressif/esp-idf/components/usb C:/Users/grand/espressif/esp-idf/components/vfs C:/Users/grand/espressif/esp-idf/components/wear_levelling C:/Users/grand/espressif/esp-idf/components/wifi_provisioning C:/Users/grand/espressif/esp-idf/components/wpa_supplicant C:/Users/grand/espressif/esp-idf/components/xtensa

-- Configuring done

-- Generating done

-- Build files have been written to: C:/Users/grand/esp32/hello_world/build

Running ninja in directory c:\users\grand\esp32\hello_world\build

Executing "ninja all"...

[94/994] Generating ../../partition_table/partition-table.bin

Partition table binary generated. Contents:

*******************************************************************************

# ESP-IDF Partition Table

# Name, Type, SubType, Offset, Size, Flags

nvs,data,nvs,0x9000,24K,

phy_init,data,phy,0xf000,4K,

factory,app,factory,0x10000,1M,

*******************************************************************************

[986/994] Performing configure step for 'bootloader'

-- Found Git: C:/Program Files/Git/cmd/git.exe (found version "2.33.0.windows.1")

-- The C compiler identification is GNU 8.4.0

-- The CXX compiler identification is GNU 8.4.0

-- The ASM compiler identification is GNU

-- Found assembler: C:/Users/grand/.espressif/tools/xtensa-esp32-elf/esp-2021r1-8.4.0/xtensa-esp32-elf/bin/xtensa-esp32-elf-gcc.exe

-- Detecting C compiler ABI info

-- Detecting C compiler ABI info - done

-- Check for working C compiler: C:/Users/grand/.espressif/tools/xtensa-esp32-elf/esp-2021r1-8.4.0/xtensa-esp32-elf/bin/xtensa-esp32-elf-gcc.exe - skipped

-- Detecting C compile features

-- Detecting C compile features - done

-- Detecting CXX compiler ABI info

-- Detecting CXX compiler ABI info - done

-- Check for working CXX compiler: C:/Users/grand/.espressif/tools/xtensa-esp32-elf/esp-2021r1-8.4.0/xtensa-esp32-elf/bin/xtensa-esp32-elf-g++.exe - skipped

-- Detecting CXX compile features

-- Detecting CXX compile features - done

-- Building ESP-IDF components for target esp32

-- Project sdkconfig file C:/Users/grand/esp32/hello_world/sdkconfig

-- Adding linker script C:/Users/grand/espressif/esp-idf/components/soc/esp32/ld/esp32.peripherals.ld

-- Adding linker script C:/Users/grand/espressif/esp-idf/components/esp_rom/esp32/ld/esp32.rom.ld

-- Adding linker script C:/Users/grand/espressif/esp-idf/components/esp_rom/esp32/ld/esp32.rom.api.ld

-- Adding linker script C:/Users/grand/espressif/esp-idf/components/esp_rom/esp32/ld/esp32.rom.libgcc.ld

-- Adding linker script C:/Users/grand/espressif/esp-idf/components/esp_rom/esp32/ld/esp32.rom.newlib-funcs.ld

-- Adding linker script C:/Users/grand/espressif/esp-idf/components/bootloader/subproject/main/ld/esp32/bootloader.ld

-- Adding linker script C:/Users/grand/espressif/esp-idf/components/bootloader/subproject/main/ld/esp32/bootloader.rom.ld

-- Components: bootloader bootloader_support efuse esp32 esp_common esp_hw_support esp_rom esp_system esptool_py freertos hal log main micro-ecc newlib partition_table soc spi_flash xtensa

-- Component paths: C:/Users/grand/espressif/esp-idf/components/bootloader C:/Users/grand/espressif/esp-idf/components/bootloader_support C:/Users/grand/espressif/esp-idf/components/efuse C:/Users/grand/espressif/esp-idf/components/esp32 C:/Users/grand/espressif/esp-idf/components/esp_common C:/Users/grand/espressif/esp-idf/components/esp_hw_support C:/Users/grand/espressif/esp-idf/components/esp_rom C:/Users/grand/espressif/esp-idf/components/esp_system C:/Users/grand/espressif/esp-idf/components/esptool_py C:/Users/grand/espressif/esp-idf/components/freertos C:/Users/grand/espressif/esp-idf/components/hal C:/Users/grand/espressif/esp-idf/components/log C:/Users/grand/espressif/esp-idf/components/bootloader/subproject/main C:/Users/grand/espressif/esp-idf/components/bootloader/subproject/components/micro-ecc C:/Users/grand/espressif/esp-idf/components/newlib C:/Users/grand/espressif/esp-idf/components/partition_table C:/Users/grand/espressif/esp-idf/components/soc C:/Users/grand/espressif/esp-idf/components/spi_flash C:/Users/grand/espressif/esp-idf/components/xtensa

-- Configuring done

-- Generating done

-- Build files have been written to: C:/Users/grand/esp32/hello_world/build/bootloader

[990/994] Generating binary image from built executable

esptool.py v3.2-dev

Merged 2 ELF sections

Generated C:/Users/grand/esp32/hello_world/build/hello-world.bin

[991/994] cmd.exe /C "cd /D C:\Users\grand\esp32\hello_world\build\esp-idf\esptool_py && C:\Users\grand\.espressif\py...d/esp32/hello_world/build/partition_table/partition-table.bin C:/Users/grand/esp32/hello_world/build/hello-world.bin"

hello-world.bin binary size 0x28ee0 bytes. Smallest app partition is 0x100000 bytes. 0xd7120 bytes (84%) free.

[992/994] Performing build step for 'bootloader'

[1/95] Generating project_elf_src_esp32.c

[2/95] Building C object esp-idf/soc/CMakeFiles/__idf_soc.dir/soc_include_legacy_warn.c.obj

[3/95] Building C object esp-idf/soc/CMakeFiles/__idf_soc.dir/lldesc.c.obj

[4/95] Building C object CMakeFiles/bootloader.elf.dir/project_elf_src_esp32.c.obj

[5/95] Building C object esp-idf/soc/CMakeFiles/__idf_soc.dir/esp32/mcpwm_periph.c.obj

[6/95] Building C object esp-idf/soc/CMakeFiles/__idf_soc.dir/esp32/gpio_periph.c.obj

[7/95] Building C object esp-idf/soc/CMakeFiles/__idf_soc.dir/esp32/adc_periph.c.obj

[8/95] Building C object esp-idf/soc/CMakeFiles/__idf_soc.dir/esp32/lcd_periph.c.obj

[9/95] Building C object esp-idf/soc/CMakeFiles/__idf_soc.dir/esp32/interrupts.c.obj

[10/95] Building C object esp-idf/soc/CMakeFiles/__idf_soc.dir/esp32/dac_periph.c.obj

[11/95] Building C object esp-idf/soc/CMakeFiles/__idf_soc.dir/esp32/ledc_periph.c.obj

[12/95] Building C object esp-idf/soc/CMakeFiles/__idf_soc.dir/esp32/i2s_periph.c.obj

[13/95] Building C object esp-idf/hal/CMakeFiles/__idf_hal.dir/mpu_hal.c.obj

[14/95] Building C object esp-idf/soc/CMakeFiles/__idf_soc.dir/esp32/i2c_periph.c.obj

[15/95] Building C object esp-idf/soc/CMakeFiles/__idf_soc.dir/esp32/sigmadelta_periph.c.obj

[16/95] Building C object esp-idf/soc/CMakeFiles/__idf_soc.dir/esp32/pcnt_periph.c.obj

[17/95] Building C object esp-idf/soc/CMakeFiles/__idf_soc.dir/esp32/rmt_periph.c.obj

[18/95] Building C object esp-idf/soc/CMakeFiles/__idf_soc.dir/esp32/sdmmc_periph.c.obj

[19/95] Building C object esp-idf/soc/CMakeFiles/__idf_soc.dir/esp32/rtc_io_periph.c.obj

[20/95] Building C object esp-idf/soc/CMakeFiles/__idf_soc.dir/esp32/timer_periph.c.obj

[21/95] Building C object esp-idf/soc/CMakeFiles/__idf_soc.dir/esp32/uart_periph.c.obj

[22/95] Building C object esp-idf/soc/CMakeFiles/__idf_soc.dir/esp32/spi_periph.c.obj

[23/95] Building C object esp-idf/soc/CMakeFiles/__idf_soc.dir/esp32/touch_sensor_periph.c.obj

[24/95] Building C object esp-idf/hal/CMakeFiles/__idf_hal.dir/cpu_hal.c.obj

[25/95] Building C object esp-idf/hal/CMakeFiles/__idf_hal.dir/wdt_hal_iram.c.obj

[26/95] Building C object esp-idf/soc/CMakeFiles/__idf_soc.dir/esp32/sdio_slave_periph.c.obj

[27/95] Building C object esp-idf/bootloader_support/CMakeFiles/__idf_bootloader_support.dir/src/bootloader_console_loader.c.obj

[28/95] Building C object esp-idf/bootloader_support/CMakeFiles/__idf_bootloader_support.dir/src/bootloader_clock_loader.c.obj

[29/95] Building C object esp-idf/spi_flash/CMakeFiles/__idf_spi_flash.dir/esp32/spi_flash_rom_patch.c.obj

[30/95] Building C object esp-idf/bootloader_support/CMakeFiles/__idf_bootloader_support.dir/src/bootloader_clock_init.c.obj

[31/95] Building C object esp-idf/bootloader_support/CMakeFiles/__idf_bootloader_support.dir/src/bootloader_random.c.obj

[32/95] Building C object esp-idf/bootloader_support/CMakeFiles/__idf_bootloader_support.dir/src/bootloader_mem.c.obj

[33/95] Building C object esp-idf/bootloader_support/CMakeFiles/__idf_bootloader_support.dir/src/bootloader_panic.c.obj

[34/95] Building C object esp-idf/bootloader_support/CMakeFiles/__idf_bootloader_support.dir/src/flash_partitions.c.obj

[35/95] Building C object esp-idf/bootloader_support/CMakeFiles/__idf_bootloader_support.dir/src/secure_boot.c.obj

[36/95] Building C object esp-idf/bootloader_support/CMakeFiles/__idf_bootloader_support.dir/src/bootloader_efuse_esp32.c.obj

[37/95] Building C object esp-idf/bootloader_support/CMakeFiles/__idf_bootloader_support.dir/src/flash_encrypt.c.obj

[38/95] Building C object esp-idf/bootloader_support/CMakeFiles/__idf_bootloader_support.dir/src/bootloader_random_esp32.c.obj

[39/95] Building C object esp-idf/bootloader_support/CMakeFiles/__idf_bootloader_support.dir/src/bootloader_console.c.obj

[40/95] Building C object esp-idf/efuse/CMakeFiles/__idf_efuse.dir/src/esp_efuse_api_key_esp32.c.obj

[41/95] Building C object esp-idf/bootloader_support/CMakeFiles/__idf_bootloader_support.dir/src/flash_qio_mode.c.obj

[42/95] Building C object esp-idf/bootloader_support/CMakeFiles/__idf_bootloader_support.dir/src/bootloader_common_loader.c.obj

[43/95] Building C object esp-idf/bootloader_support/CMakeFiles/__idf_bootloader_support.dir/src/bootloader_common.c.obj

[44/95] Building C object esp-idf/bootloader_support/CMakeFiles/__idf_bootloader_support.dir/src/esp32/bootloader_sha.c.obj

[45/95] Building C object esp-idf/efuse/CMakeFiles/__idf_efuse.dir/src/esp_efuse_api.c.obj

[46/95] Building C object esp-idf/bootloader_support/CMakeFiles/__idf_bootloader_support.dir/src/bootloader_flash.c.obj

[47/95] Building C object esp-idf/bootloader_support/CMakeFiles/__idf_bootloader_support.dir/src/bootloader_flash_config_esp32.c.obj

[48/95] Building C object esp-idf/bootloader_support/CMakeFiles/__idf_bootloader_support.dir/src/bootloader_init.c.obj

[49/95] Building ASM object esp-idf/esp_rom/CMakeFiles/__idf_esp_rom.dir/patches/esp_rom_longjmp.S.obj

[50/95] Building C object esp-idf/efuse/CMakeFiles/__idf_efuse.dir/esp32/esp_efuse_fields.c.obj

[51/95] Building C object esp-idf/esp_rom/CMakeFiles/__idf_esp_rom.dir/patches/esp_rom_crc.c.obj

[52/95] Building C object esp-idf/esp_rom/CMakeFiles/__idf_esp_rom.dir/patches/esp_rom_sys.c.obj

[53/95] Building C object esp-idf/esp_system/CMakeFiles/__idf_esp_system.dir/esp_err.c.obj

[54/95] Building C object esp-idf/bootloader_support/CMakeFiles/__idf_bootloader_support.dir/src/esp_image_format.c.obj

[55/95] Building C object esp-idf/efuse/CMakeFiles/__idf_efuse.dir/esp32/esp_efuse_table.c.obj

[56/95] Building C object esp-idf/xtensa/CMakeFiles/__idf_xtensa.dir/eri.c.obj

[57/95] Building C object esp-idf/esp_rom/CMakeFiles/__idf_esp_rom.dir/patches/esp_rom_uart.c.obj

[58/95] Building C object esp-idf/efuse/CMakeFiles/__idf_efuse.dir/src/esp_efuse_fields.c.obj

[59/95] Building C object esp-idf/esp_hw_support/CMakeFiles/__idf_esp_hw_support.dir/port/esp32/rtc_pm.c.obj

[60/95] Building C object esp-idf/bootloader_support/CMakeFiles/__idf_bootloader_support.dir/src/esp32/bootloader_esp32.c.obj

[61/95] Building C object esp-idf/efuse/CMakeFiles/__idf_efuse.dir/esp32/esp_efuse_utility.c.obj

[62/95] Building C object esp-idf/esp_hw_support/CMakeFiles/__idf_esp_hw_support.dir/compare_set.c.obj

[63/95] Building C object esp-idf/micro-ecc/CMakeFiles/__idf_micro-ecc.dir/uECC_verify_antifault.c.obj

[64/95] Building C object esp-idf/bootloader_support/CMakeFiles/__idf_bootloader_support.dir/src/bootloader_utility.c.obj

[65/95] Building C object esp-idf/esp_hw_support/CMakeFiles/__idf_esp_hw_support.dir/cpu_util.c.obj

[66/95] Building C object esp-idf/esp_hw_support/CMakeFiles/__idf_esp_hw_support.dir/port/esp32/rtc_clk_init.c.obj

[67/95] Building C object esp-idf/efuse/CMakeFiles/__idf_efuse.dir/src/esp_efuse_utility.c.obj

[68/95] Building C object esp-idf/esp_hw_support/CMakeFiles/__idf_esp_hw_support.dir/port/esp32/chip_info.c.obj

[69/95] Building C object esp-idf/esp_hw_support/CMakeFiles/__idf_esp_hw_support.dir/port/esp32/rtc_init.c.obj

[70/95] Building C object esp-idf/xtensa/CMakeFiles/__idf_xtensa.dir/xt_trax.c.obj

[71/95] Building C object esp-idf/esp_hw_support/CMakeFiles/__idf_esp_hw_support.dir/port/esp32/rtc_time.c.obj

[72/95] Building C object esp-idf/esp_hw_support/CMakeFiles/__idf_esp_hw_support.dir/port/esp32/rtc_wdt.c.obj

[73/95] Building C object esp-idf/log/CMakeFiles/__idf_log.dir/log_noos.c.obj

[74/95] Building C object esp-idf/esp_common/CMakeFiles/__idf_esp_common.dir/src/esp_err_to_name.c.obj

[75/95] Building C object esp-idf/main/CMakeFiles/__idf_main.dir/bootloader_start.c.obj

[76/95] Building C object esp-idf/log/CMakeFiles/__idf_log.dir/log.c.obj

[77/95] Building C object esp-idf/log/CMakeFiles/__idf_log.dir/log_buffers.c.obj

[78/95] Building C object esp-idf/esp_hw_support/CMakeFiles/__idf_esp_hw_support.dir/port/esp32/rtc_sleep.c.obj

[79/95] Linking C static library esp-idf\log\liblog.a

[80/95] Building C object esp-idf/esp_hw_support/CMakeFiles/__idf_esp_hw_support.dir/port/esp32/rtc_clk.c.obj

[81/95] Linking C static library esp-idf\esp_rom\libesp_rom.a

[82/95] Linking C static library esp-idf\esp_common\libesp_common.a

[83/95] Linking C static library esp-idf\xtensa\libxtensa.a

[84/95] Linking C static library esp-idf\esp_hw_support\libesp_hw_support.a

[85/95] Linking C static library esp-idf\esp_system\libesp_system.a

[86/95] Linking C static library esp-idf\efuse\libefuse.a

[87/95] Linking C static library esp-idf\bootloader_support\libbootloader_support.a

[88/95] Linking C static library esp-idf\spi_flash\libspi_flash.a

[89/95] Linking C static library esp-idf\micro-ecc\libmicro-ecc.a

[90/95] Linking C static library esp-idf\soc\libsoc.a

[91/95] Linking C static library esp-idf\hal\libhal.a

[92/95] Linking C static library esp-idf\main\libmain.a

[93/95] Linking C executable bootloader.elf

[94/95] Generating binary image from built executable

esptool.py v3.2-dev

Merged 1 ELF section

Generated C:/Users/grand/esp32/hello_world/build/bootloader/bootloader.bin

[95/95] cmd.exe /C "cd /D C:\Users\grand\esp32\hello_world\build\bootloader\esp-idf\esptool_py && C:\Users\grand\.espressif\python_env\idf4.4_py3.9_env\Scripts\python.exe C:/Users/grand/espressif/esp-idf/components/partition_table/check_sizes.py --offset 0x8000 bootloader 0x1000 C:/Users/grand/esp32/hello_world/build/bootloader/bootloader.bin"

Bootloader binary size 0x6330 bytes. 0xcd0 bytes (13%) free.

[994/994] Completed 'bootloader'



Project build complete. To flash, run this command:

C:\Users\grand\.espressif\python_env\idf4.4_py3.9_env\Scripts\python.exe ..\..\espressif\esp-idf\components\esptool_py\esptool\esptool.py -p (PORT) -b 460800 --before default_reset --after hard_reset --chip esp32  write_flash --flash_mode dio --flash_size detect --flash_freq 40m 0x1000 build\bootloader\bootloader.bin 0x8000 build\partition_table\partition-table.bin 0x10000 build\hello-world.bin

or run 'idf.py -p (PORT) flash'

PS C:\Users\grand\esp32\hello_world>