C:\Users\grand>mkdir espressif



C:\Users\grand>cd espressif



C:\Users\grand\espressif>git clone https://github.com/espressif/esp-idf.git --recursive

Cloning into 'esp-idf'...

remote: Enumerating objects: 265284, done.

remote: Counting objects: 100% (3872/3872), done.

remote: Compressing objects: 100% (1838/1838), done.

remote: Total 265284 (delta 1996), reused 3381 (delta 1866), pack-reused 261412 eceiving objects: 100% (265284/Receiving objects: 100% (265284/265284), 149.11 MiB | 9.44 MiB/s, done.



Resolving deltas: 100% (195585/195585), done.

Updating files: 100% (9189/9189), done.

Submodule 'components/asio/asio' (https://github.com/espressif/asio.git) registered for path 'components/asio/asio'

Submodule 'components/bootloader/subproject/components/micro-ecc/micro-ecc' (https://github.com/kmackay/micro-ecc.git) registered for path 'components/bootloader/subproject/components/micro-ecc/micro-ecc'

Submodule 'components/bt/controller/lib_esp32' (https://github.com/espressif/esp32-bt-lib.git) registered for path 'components/bt/controller/lib_esp32'

Submodule 'components/bt/controller/lib_esp32c3_family' (https://github.com/espressif/esp32c3-bt-lib.git) registered for path 'components/bt/controller/lib_esp32c3_family'

Submodule 'components/bt/host/nimble/nimble' (https://github.com/espressif/esp-nimble.git) registered for path 'components/bt/host/nimble/nimble'

Submodule 'components/cbor/tinycbor' (https://github.com/intel/tinycbor.git) registered for path 'components/cbor/tinycbor'

Submodule 'components/cmock/CMock' (https://github.com/ThrowTheSwitch/CMock.git) registered for path 'components/cmock/CMock'

Submodule 'components/coap/libcoap' (https://github.com/obgm/libcoap.git) registered for path 'components/coap/libcoap'

Submodule 'components/esp_phy/lib' (https://github.com/espressif/esp-phy-lib.git) registered for path 'components/esp_phy/lib'

Submodule 'components/esp_wifi/lib' (https://github.com/espressif/esp32-wifi-lib.git) registered for path 'components/esp_wifi/lib'

Submodule 'components/esptool_py/esptool' (https://github.com/espressif/esptool.git) registered for path 'components/esptool_py/esptool'

Submodule 'components/expat/expat' (https://github.com/libexpat/libexpat.git) registered for path 'components/expat/expat'

Submodule 'components/ieee802154/lib' (https://github.com/espressif/esp-ieee802154-lib.git) registered for path 'components/ieee802154/lib'

Submodule 'components/json/cJSON' (https://github.com/DaveGamble/cJSON.git) registered for path 'components/json/cJSON'

Submodule 'components/libsodium/libsodium' (https://github.com/jedisct1/libsodium.git) registered for path 'components/libsodium/libsodium'

Submodule 'components/lwip/lwip' (https://github.com/espressif/esp-lwip.git) registered for path 'components/lwip/lwip'

Submodule 'components/mbedtls/mbedtls' (https://github.com/espressif/mbedtls.git) registered for path 'components/mbedtls/mbedtls'

Submodule 'components/mqtt/esp-mqtt' (https://github.com/espressif/esp-mqtt.git) registered for path 'components/mqtt/esp-mqtt'

Submodule 'components/nghttp/nghttp2' (https://github.com/nghttp2/nghttp2.git) registered for path 'components/nghttp/nghttp2'

Submodule 'components/openthread/lib' (https://github.com/espressif/esp-thread-lib.git) registered for path 'components/openthread/lib'

Submodule 'components/openthread/openthread' (https://github.com/espressif/openthread.git) registered for path 'components/openthread/openthread'

Submodule 'components/protobuf-c/protobuf-c' (https://github.com/protobuf-c/protobuf-c.git) registered for path 'components/protobuf-c/protobuf-c'

Submodule 'components/spiffs/spiffs' (https://github.com/pellepl/spiffs.git) registered for path 'components/spiffs/spiffs'

Submodule 'components/tinyusb/tinyusb' (https://github.com/espressif/tinyusb.git) registered for path 'components/tinyusb/tinyusb'

Submodule 'components/unity/unity' (https://github.com/ThrowTheSwitch/Unity.git) registered for path 'components/unity/unity'

Submodule 'examples/build_system/cmake/import_lib/main/lib/tinyxml2' (https://github.com/leethomason/tinyxml2.git) registered for path 'examples/build_system/cmake/import_lib/main/lib/tinyxml2'

Submodule 'examples/peripherals/secure_element/atecc608_ecdsa/components/esp-cryptoauthlib' (https://github.com/espressif/esp-cryptoauthlib.git) registered for path 'examples/peripherals/secure_element/atecc608_ecdsa/components/esp-cryptoauthlib'

Cloning into 'C:/Users/grand/espressif/esp-idf/components/asio/asio'...

remote: Enumerating objects: 48394, done.

remote: Counting objects: 100% (15174/15174), done.

remote: Compressing objects: 100% (1324/1324), done.

remote: Total 48394 (delta 14750), reused 13850 (delta 13850), pack-reused 33220

Receiving objects: 100% (48394/48394), 15.04 MiB | 6.38 MiB/s, done.

Resolving deltas: 100% (33906/33906), done.

Cloning into 'C:/Users/grand/espressif/esp-idf/components/bootloader/subproject/components/micro-ecc/micro-ecc'...

remote: Enumerating objects: 1143, done.

remote: Counting objects: 100% (48/48), done.

remote: Compressing objects: 100% (37/37), done.

remote: Total 1143 (delta 21), reused 28 (delta 9), pack-reused 1095

Receiving objects: 100% (1143/1143), 687.07 KiB | 2.99 MiB/s, done.

Resolving deltas: 100% (664/664), done.

Cloning into 'C:/Users/grand/espressif/esp-idf/components/bt/controller/lib_esp32'...

remote: Enumerating objects: 1547, done.

remote: Counting objects: 100% (667/667), done.

remote: Compressing objects: 100% (363/363), done.

remote: Total 1547 (delta 427), reused 525 (delta 285), pack-reused 880

Receiving objects: 100% (1547/1547), 6.13 MiB | 8.36 MiB/s, done.

Resolving deltas: 100% (1025/1025), done.

Cloning into 'C:/Users/grand/espressif/esp-idf/components/bt/controller/lib_esp32c3_family'...

remote: Enumerating objects: 107, done.

remote: Counting objects: 100% (107/107), done.

remote: Compressing objects: 100% (69/69), done.

remote: Total 107 (delta 46), reused 86 (delta 25), pack-reused 0

Receiving objects: 100% (107/107), 383.46 KiB | 2.15 MiB/s, done.

Resolving deltas: 100% (46/46), done.

Cloning into 'C:/Users/grand/espressif/esp-idf/components/bt/host/nimble/nimble'...

remote: Enumerating objects: 40824, done.

remote: Counting objects: 100% (380/380), done.

remote: Compressing objects: 100% (141/141), done.

remote: Total 40824 (delta 261), reused 337 (delta 234), pack-reused 40444

Receiving objects: 100% (40824/40824), 11.91 MiB | 9.57 MiB/s, done.

Resolving deltas: 100% (24989/24989), done.

Cloning into 'C:/Users/grand/espressif/esp-idf/components/cbor/tinycbor'...

remote: Enumerating objects: 2797, done.

remote: Counting objects: 100% (27/27), done.

remote: Compressing objects: 100% (19/19), done.

remote: Total 2797 (delta 12), reused 17 (delta 8), pack-reused 2770

Receiving objects: 100% (2797/2797), 1.30 MiB | 4.64 MiB/s, done.

Resolving deltas: 100% (1888/1888), done.

Cloning into 'C:/Users/grand/espressif/esp-idf/components/cmock/CMock'...

remote: Enumerating objects: 5719, done.

remote: Counting objects: 100% (108/108), done.

remote: Compressing objects: 100% (73/73), done.

remote: Total 5719 (delta 52), reused 61 (delta 25), pack-reused 5611

Receiving objects: 100% (5719/5719), 3.60 MiB | 6.36 MiB/s, done.

Resolving deltas: 100% (3881/3881), done.

Cloning into 'C:/Users/grand/espressif/esp-idf/components/coap/libcoap'...

remote: Enumerating objects: 12280, done.

remote: Counting objects: 100% (1351/1351), done.

remote: Compressing objects: 100% (442/442), done.

remote: Total 12280 (delta 888), reused 1218 (delta 853), pack-reused 10929

Receiving objects: 100% (12280/12280), 5.46 MiB | 5.15 MiB/s, done.

Resolving deltas: 100% (8697/8697), done.

Cloning into 'C:/Users/grand/espressif/esp-idf/components/esp_phy/lib'...

remote: Enumerating objects: 45, done.

remote: Counting objects: 100% (45/45), done.

remote: Compressing objects: 100% (38/38), done.

remote: Total 45 (delta 9), reused 42 (delta 6), pack-reused 0

Receiving objects: 100% (45/45), 687.79 KiB | 2.58 MiB/s, done.

Resolving deltas: 100% (9/9), done.

Cloning into 'C:/Users/grand/espressif/esp-idf/components/esp_wifi/lib'...

remote: Enumerating objects: 15182, done.

remote: Counting objects: 100% (2927/2927), done.

remote: Compressing objects: 100% (598/598), done.

remote: Total 15182 (delta 2362), reused 2892 (delta 2329), pack-reused 12255

Receiving objects: 100% (15182/15182), 174.46 MiB | 10.41 MiB/s, done.

Resolving deltas: 100% (12417/12417), done.

Cloning into 'C:/Users/grand/espressif/esp-idf/components/esptool_py/esptool'...

remote: Enumerating objects: 3410, done.

remote: Counting objects: 100% (447/447), done.

remote: Compressing objects: 100% (248/248), done.

remote: Total 3410 (delta 268), reused 338 (delta 197), pack-reused 2963

Receiving objects: 100% (3410/3410), 10.72 MiB | 9.78 MiB/s, done.

Resolving deltas: 100% (2138/2138), done.

Cloning into 'C:/Users/grand/espressif/esp-idf/components/expat/expat'...

remote: Enumerating objects: 17563, done.

remote: Counting objects: 100% (873/873), done.

remote: Compressing objects: 100% (334/334), done.

remote: Total 17563 (delta 591), reused 762 (delta 532), pack-reused 16690

Receiving objects: 100% (17563/17563), 14.44 MiB | 10.06 MiB/s, done.

Resolving deltas: 100% (13067/13067), done.

Cloning into 'C:/Users/grand/espressif/esp-idf/components/ieee802154/lib'...

remote: Enumerating objects: 22, done.

remote: Counting objects: 100% (22/22), done.

remote: Compressing objects: 100% (15/15), done.

remote: Total 22 (delta 6), reused 20 (delta 4), pack-reused 0

Receiving objects: 100% (22/22), 54.74 KiB | 1.33 MiB/s, done.

Resolving deltas: 100% (6/6), done.

Cloning into 'C:/Users/grand/espressif/esp-idf/components/json/cJSON'...

remote: Enumerating objects: 4498, done.

remote: Counting objects: 100% (16/16), done.

remote: Compressing objects: 100% (16/16), done.

remote: Total 4498 (delta 4), reused 7 (delta 0), pack-reused 4482

Receiving objects: 100% (4498/4498), 2.46 MiB | 6.42 MiB/s, done.

Resolving deltas: 100% (2988/2988), done.

Cloning into 'C:/Users/grand/espressif/esp-idf/components/libsodium/libsodium'...

remote: Enumerating objects: 32905, done.

remote: Counting objects: 100% (512/512), done.

remote: Compressing objects: 100% (266/266), done.

remote: Total 32905 (delta 260), reused 448 (delta 235), pack-reused 32393

Receiving objects: 100% (32905/32905), 8.66 MiB | 4.26 MiB/s, done.

Resolving deltas: 100% (19517/19517), done.

Cloning into 'C:/Users/grand/espressif/esp-idf/components/lwip/lwip'...

remote: Enumerating objects: 50119, done.

remote: Counting objects: 100% (153/153), done.

remote: Compressing objects: 100% (101/101), done.

remote: Total 50119 (delta 90), reused 92 (delta 51), pack-reused 49966

Receiving objects: 100% (50119/50119), 9.93 MiB | 8.79 MiB/s, done.

Resolving deltas: 100% (37831/37831), done.

Cloning into 'C:/Users/grand/espressif/esp-idf/components/mbedtls/mbedtls'...

remote: Enumerating objects: 77211, done.

remote: Total 77211 (delta 0), reused 0 (delta 0), pack-reused 77211

Receiving objects: 100% (77211/77211), 34.91 MiB | 9.96 MiB/s, done.

Resolving deltas: 100% (59486/59486), done.

Cloning into 'C:/Users/grand/espressif/esp-idf/components/mqtt/esp-mqtt'...

remote: Enumerating objects: 2558, done.

remote: Counting objects: 100% (268/268), done.

remote: Compressing objects: 100% (148/148), done.

remote: Total 2558 (delta 147), reused 234 (delta 115), pack-reused 2290

Receiving objects: 100% (2558/2558), 1.53 MiB | 5.54 MiB/s, done.

Resolving deltas: 100% (1378/1378), done.

Cloning into 'C:/Users/grand/espressif/esp-idf/components/nghttp/nghttp2'...

remote: Enumerating objects: 41726, done.

remote: Counting objects: 100% (1000/1000), done.

remote: Compressing objects: 100% (372/372), done.

remote: Total 41726 (delta 652), reused 941 (delta 624), pack-reused 40726

Receiving objects: 100% (41726/41726), 34.54 MiB | 10.69 MiB/s, done.

Resolving deltas: 100% (30992/30992), done.

Cloning into 'C:/Users/grand/espressif/esp-idf/components/openthread/lib'...

remote: Enumerating objects: 143, done.

remote: Counting objects: 100% (143/143), done.

remote: Compressing objects: 100% (78/78), done.

remote: Total 143 (delta 74), reused 127 (delta 58), pack-reused 0

Receiving objects: 100% (143/143), 2.61 MiB | 6.90 MiB/s, done.

Resolving deltas: 100% (74/74), done.

Cloning into 'C:/Users/grand/espressif/esp-idf/components/openthread/openthread'...

remote: Enumerating objects: 83554, done.

remote: Counting objects: 100% (63/63), done.

remote: Compressing objects: 100% (39/39), done.

remote: Total 83554 (delta 24), reused 34 (delta 24), pack-reused 83491

Receiving objects: 100% (83554/83554), 82.49 MiB | 7.31 MiB/s, done.

Resolving deltas: 100% (65311/65311), done.

Cloning into 'C:/Users/grand/espressif/esp-idf/components/protobuf-c/protobuf-c'...

remote: Enumerating objects: 3650, done.

remote: Counting objects: 100% (117/117), done.

remote: Compressing objects: 100% (81/81), done.

remote: Total 3650 (delta 59), reused 71 (delta 31), pack-reused 3533

Receiving objects: 100% (3650/3650), 1.49 MiB | 5.17 MiB/s, done.

Resolving deltas: 100% (2326/2326), done.

Cloning into 'C:/Users/grand/espressif/esp-idf/components/spiffs/spiffs'...

remote: Enumerating objects: 1502, done.

remote: Counting objects: 100% (19/19), done.

remote: Compressing objects: 100% (14/14), done.

remote: Total 1502 (delta 7), reused 12 (delta 5), pack-reused 1483

Receiving objects: 100% (1502/1502), 1.06 MiB | 4.16 MiB/s, done.

Resolving deltas: 100% (1042/1042), done.

Cloning into 'C:/Users/grand/espressif/esp-idf/components/tinyusb/tinyusb'...

remote: Enumerating objects: 49097, done.

remote: Counting objects: 100% (1406/1406), done.

remote: Compressing objects: 100% (638/638), done.

remote: Total 49097 (delta 759), reused 1254 (delta 721), pack-reused 47691

Receiving objects: 100% (49097/49097), 26.61 MiB | 9.96 MiB/s, done.

Resolving deltas: 100% (32404/32404), done.

Cloning into 'C:/Users/grand/espressif/esp-idf/components/unity/unity'...

remote: Enumerating objects: 5865, done.

remote: Counting objects: 100% (88/88), done.

remote: Compressing objects: 100% (56/56), done.

remote: Total 5865 (delta 43), reused 69 (delta 32), pack-reused 5777

Receiving objects: 100% (5865/5865), 6.62 MiB | 8.83 MiB/s, done.

Resolving deltas: 100% (3627/3627), done.

Cloning into 'C:/Users/grand/espressif/esp-idf/examples/build_system/cmake/import_lib/main/lib/tinyxml2'...

remote: Enumerating objects: 4456, done.

remote: Counting objects: 100% (303/303), done.

remote: Compressing objects: 100% (145/145), done.

remote: Total 4456 (delta 229), reused 188 (delta 158), pack-reused 4153

Receiving objects: 100% (4456/4456), 3.20 MiB | 6.69 MiB/s, done.

Resolving deltas: 100% (2961/2961), done.

Cloning into 'C:/Users/grand/espressif/esp-idf/examples/peripherals/secure_element/atecc608_ecdsa/components/esp-cryptoauthlib'...

remote: Enumerating objects: 596, done.

remote: Counting objects: 100% (596/596), done.

remote: Compressing objects: 100% (303/303), done.

remote: Total 596 (delta 325), reused 553 (delta 282), pack-reused 0

Receiving objects: 100% (596/596), 905.33 KiB | 3.80 MiB/s, done.

Resolving deltas: 100% (325/325), done.

Submodule path 'components/asio/asio': checked out 'f31694c9f1746ba189a4bcae2e34db15135ddb22'

Submodule path 'components/bootloader/subproject/components/micro-ecc/micro-ecc': checked out 'd037ec89546fad14b5c4d5456c2e23a71e554966'

Submodule path 'components/bt/controller/lib_esp32': checked out 'fb49791b7c1a8a35f06e68124c90022667b4cff1'

Submodule path 'components/bt/controller/lib_esp32c3_family': checked out '9ca8afd50afde57958a67fca65847edc52f7d91c'

Submodule path 'components/bt/host/nimble/nimble': checked out 'aef55bbf636ed580d4d6408a5c2e75d1f70a875e'

Submodule path 'components/cbor/tinycbor': checked out '7c349dbb6b8d76db39383b226d3ebdf59b8ab37d'

Submodule path 'components/cmock/CMock': checked out 'eeecc49ce8af123cf8ad40efdb9673e37b56230f'

Submodule 'vendor/c_exception' (https://github.com/throwtheswitch/cexception.git) registered for path 'components/cmock/CMock/vendor/c_exception'

Submodule 'vendor/unity' (https://github.com/throwtheswitch/unity.git) registered for path 'components/cmock/CMock/vendor/unity'

Cloning into 'C:/Users/grand/espressif/esp-idf/components/cmock/CMock/vendor/c_exception'...

remote: Enumerating objects: 326, done.

remote: Counting objects: 100% (61/61), done.

remote: Compressing objects: 100% (47/47), done.

remote: Total 326 (delta 23), reused 34 (delta 9), pack-reused 265

Receiving objects: 100% (326/326), 547.04 KiB | 2.62 MiB/s, done.

Resolving deltas: 100% (150/150), done.

Cloning into 'C:/Users/grand/espressif/esp-idf/components/cmock/CMock/vendor/unity'...

remote: Enumerating objects: 5865, done.

remote: Counting objects: 100% (88/88), done.

remote: Compressing objects: 100% (56/56), done.

remote: Total 5865 (delta 43), reused 69 (delta 32), pack-reused 5777

Receiving objects: 100% (5865/5865), 6.62 MiB | 8.66 MiB/s, done.

Resolving deltas: 100% (3627/3627), done.

Submodule path 'components/cmock/CMock/vendor/c_exception': checked out '71b47be7c950f1bf5f7e5303779fa99a16224bb6'

Submodule path 'components/cmock/CMock/vendor/unity': checked out 'cf949f45ca6d172a177b00da21310607b97bc7a7'

Submodule path 'components/coap/libcoap': checked out '98954eb30a2e728e172a6cd29430ae5bc999b585'

Submodule 'ext/tinydtls' (https://github.com/eclipse/tinydtls.git) registered for path 'components/coap/libcoap/ext/tinydtls'

Cloning into 'C:/Users/grand/espressif/esp-idf/components/coap/libcoap/ext/tinydtls'...

remote: Enumerating objects: 3360, done.

remote: Counting objects: 100% (789/789), done.

remote: Compressing objects: 100% (120/120), done.

remote: Total 3360 (delta 686), reused 670 (delta 669), pack-reused 2571

Receiving objects: 100% (3360/3360), 987.43 KiB | 4.06 MiB/s, done.

Resolving deltas: 100% (2397/2397), done.

Submodule path 'components/coap/libcoap/ext/tinydtls': checked out '7f8c86e501e690301630029fa9bae22424adf618'

Submodule path 'components/esp_phy/lib': checked out '8b1137c35cc3d2b1085e7f857c2530efb115d3a3'

Submodule path 'components/esp_wifi/lib': checked out '492bb8b01b6ccff1e830b52c7b15d8c3d90101c6'

Submodule path 'components/esptool_py/esptool': checked out '9876dfe58353f01c873e1543dd0654c5b04314a4'

Submodule path 'components/expat/expat': checked out 'a28238bdeebc087071777001245df1876a11f5ee'

Submodule path 'components/ieee802154/lib': checked out 'efbc05d641040253567e825dae53731da595c7b5'

Submodule path 'components/json/cJSON': checked out 'd2735278ed1c2e4556f53a7a782063b31331dbf7'

Submodule path 'components/libsodium/libsodium': checked out '4f5e89fa84ce1d178a6765b8b46f2b6f91216677'

Submodule path 'components/lwip/lwip': checked out '2195f7416fb3136831babf3e96c027a73075bd4f'

Submodule path 'components/mbedtls/mbedtls': checked out '6465247f67167518b8813ae2faaf422704e4b1a3'

Submodule path 'components/mqtt/esp-mqtt': checked out 'f10321a53b53a146ee299cfecc320b89c0cf6611'

Submodule path 'components/nghttp/nghttp2': checked out '8f7b008b158e12de0e58247afd170f127dbb6456'

Submodule 'third-party/mruby' (https://github.com/mruby/mruby) registered for path 'components/nghttp/nghttp2/third-party/mruby'

Submodule 'third-party/neverbleed' (https://github.com/tatsuhiro-t/neverbleed.git) registered for path 'components/nghttp/nghttp2/third-party/neverbleed'

Cloning into 'C:/Users/grand/espressif/esp-idf/components/nghttp/nghttp2/third-party/mruby'...

remote: Enumerating objects: 65288, done.

remote: Counting objects: 100% (865/865), done.

remote: Compressing objects: 100% (344/344), done.

remote: Total 65288 (delta 484), reused 836 (delta 478), pack-reused 64423

Receiving objects: 100% (65288/65288), 17.61 MiB | 8.70 MiB/s, done.

Resolving deltas: 100% (40866/40866), done.

Cloning into 'C:/Users/grand/espressif/esp-idf/components/nghttp/nghttp2/third-party/neverbleed'...

remote: Enumerating objects: 234, done.

remote: Total 234 (delta 0), reused 0 (delta 0), pack-reused 234

Receiving objects: 100% (234/234), 83.16 KiB | 703.00 KiB/s, done.

Resolving deltas: 100% (144/144), done.

Submodule path 'components/nghttp/nghttp2/third-party/mruby': checked out '7c91efc1ffda769a5f1a872c646c82b00698f1b8'

Submodule path 'components/nghttp/nghttp2/third-party/neverbleed': checked out 'b967ca054f48a36f82d8fcdd32e54ec5144f2751'

Submodule path 'components/openthread/lib': checked out '105f3610d2258d7a7dd1c72f5f1adea89077c6cc'

Submodule path 'components/openthread/openthread': checked out 'a662c32eb074cc624bf344f810f65f8637a89552'

Submodule path 'components/protobuf-c/protobuf-c': checked out 'dac1a65feac4ad72f612aab99f487056fbcf5c1a'

Submodule path 'components/spiffs/spiffs': checked out 'f5e26c4e933189593a71c6b82cda381a7b21e41c'

Submodule path 'components/tinyusb/tinyusb': checked out 'c4badd394eda18199c0196ed0be1e2d635f0a5f6'

Submodule path 'components/unity/unity': checked out '7d2bf62b7e6afaf38153041a9d53c21aeeca9a25'

Submodule path 'examples/build_system/cmake/import_lib/main/lib/tinyxml2': checked out '7e8e249990ec491ec15990cf95b6d871a66cf64a'

Submodule path 'examples/peripherals/secure_element/atecc608_ecdsa/components/esp-cryptoauthlib': checked out 'bb672b0437485fc7420add178299631692b15ac3'



C:\Users\grand\espressif>

