PS C:\Users\grand\espressif\esp-idf> .\export.ps1

Setting IDF_PATH: C:\Users\grand\espressif\esp-idf

Adding ESP-IDF tools to PATH...



Name                           Value

----                           -----

OPENOCD_SCRIPTS                C:\Users\grand\.espressif\tools\openocd-esp32\v0.10.0-esp32-20210721\openocd...

IDF_CCACHE_ENABLE              1



Added to PATH

-------------

C:\Users\grand\espressif\esp-idf\components\esptool_py\esptool

C:\Users\grand\espressif\esp-idf\components\app_update

C:\Users\grand\espressif\esp-idf\components\espcoredump

C:\Users\grand\espressif\esp-idf\components\partition_table

C:\Users\grand\.espressif\tools\xtensa-esp32-elf\esp-2021r1-8.4.0\xtensa-esp32-elf\bin

C:\Users\grand\.espressif\tools\xtensa-esp32s2-elf\esp-2021r1-8.4.0\xtensa-esp32s2-elf\bin

C:\Users\grand\.espressif\tools\xtensa-esp32s3-elf\esp-2021r1-8.4.0\xtensa-esp32s3-elf\bin

C:\Users\grand\.espressif\tools\riscv32-esp-elf\esp-2021r1-8.4.0\riscv32-esp-elf\bin

C:\Users\grand\.espressif\tools\esp32ulp-elf\2.28.51-esp-20191205\esp32ulp-elf-binutils\bin

C:\Users\grand\.espressif\tools\esp32s2ulp-elf\2.28.51-esp-20191205\esp32s2ulp-elf-binutils\bin

C:\Users\grand\.espressif\tools\cmake\3.20.3\bin

C:\Users\grand\.espressif\tools\openocd-esp32\v0.10.0-esp32-20210721\openocd-esp32\bin

C:\Users\grand\.espressif\tools\idf-exe\1.0.1\

C:\Users\grand\.espressif\tools\ccache\4.3\ccache-4.3-windows-64

C:\Users\grand\.espressif\tools\dfu-util\0.9\dfu-util-0.9-win64

C:\Users\grand\espressif\esp-idf\tools

%PATH%

Checking if Python packages are up to date...

The following Python requirements are not satisfied:

click>=7.0

pyserial>=3.3

future>=0.15.2

cryptography>=2.1.4

pyparsing>=2.0.3,<2.4.0

pyelftools>=0.22

gdbgui==0.13.2.0

pygdbmi<=0.9.0.2

python-socketio<5

kconfiglib==13.7.1

reedsolo>=1.5.3,<=1.5.4

bitstring>=3.1.6

ecdsa>=0.16.0

construct==2.10.54

esp-windows-curses; sys_platform == 'win32'

Please follow the instructions found in the "Set up the tools" section of ESP-IDF Getting Started Guide

Diagnostic information:

    IDF_PYTHON_ENV_PATH: (not set)

    Python interpreter used: C:\Program Files\Python39\python.exe

    Warning: python interpreter not running from IDF_PYTHON_ENV_PATH

    PATH: C:\Users\grand\espressif\esp-idf\components\esptool_py\esptool;C:\Users\grand\espressif\esp-idf\components\app_update;C:\Users\grand\espressif\esp-idf\components\espcoredump;C:\Users\grand\espressif\esp-idf\components\partition_table;C:\Users\grand\.espressif\tools\xtensa-esp32-elf\esp-2021r1-8.4.0\xtensa-esp32-elf\bin;C:\Users\grand\.espressif\tools\xtensa-esp32s2-elf\esp-2021r1-8.4.0\xtensa-esp32s2-elf\bin;C:\Users\grand\.espressif\tools\xtensa-esp32s3-elf\esp-2021r1-8.4.0\xtensa-esp32s3-elf\bin;C:\Users\grand\.espressif\tools\riscv32-esp-elf\esp-2021r1-8.4.0\riscv32-esp-elf\bin;C:\Users\grand\.espressif\tools\esp32ulp-elf\2.28.51-esp-20191205\esp32ulp-elf-binutils\bin;C:\Users\grand\.espressif\tools\esp32s2ulp-elf\2.28.51-esp-20191205\esp32s2ulp-elf-binutils\bin;C:\Users\grand\.espressif\tools\cmake\3.20.3\bin;C:\Users\grand\.espressif\tools\openocd-esp32\v0.10.0-esp32-20210721\openocd-esp32\bin;C:\Users\grand\.espressif\tools\idf-exe\1.0.1\;C:\Users\grand\.espressif\tools\ccache\4.3\ccache-4.3-windows-64;C:\Users\grand\.espressif\tools\dfu-util\0.9\dfu-util-0.9-win64;C:\Users\grand\espressif\esp-idf\tools;%PATH%;C:\ActiveTcl\bin;C:\Program Files (x86)\Common Files\Intel\Shared Libraries\redist\intel64\compiler;C:\Program Files\Python39\Scripts\;C:\Program Files\Python39\;C:\Program Files\Common Files\Oracle\Java\javapath;C:\WINDOWS\system32;C:\WINDOWS;C:\WINDOWS\System32\Wbem;C:\WINDOWS\System32\WindowsPowerShell\v1.0\;C:\WINDOWS\System32\OpenSSH\;C:\Program Files\NVIDIA Corporation\NVIDIA NvDLISR;C:\Program Files (x86)\Calibre2\;C:\Program Files\PuTTY\;C:\Program Files\MiKTeX\miktex\bin\x64\;C:\Program Files\nodejs\;C:\ProgramData\chocolatey\bin;C:\Program Files\Polyspace\R2021a\runtime\win64;C:\Program Files\Polyspace\R2021a\bin;C:\Program Files\Polyspace\R2021a\polyspace\bin;C:\Program Files\Microchip\xc8\v2.31\bin;C:\Program Files\Microsoft SQL Server\Client SDK\ODBC\110\Tools\Binn\;C:\Program Files (x86)\Microsoft SQL Server\120\Tools\Binn\;C:\Program Files\Microsoft SQL Server\120\Tools\Binn\;C:\Program Files\Microsoft SQL Server\120\DTS\Binn\;C:\Program Files (x86)\Windows Kits\8.1\Windows Performance Toolkit\;C:\Utils\;C:\Program Files\dotnet\;C:\Program Files\Python39\;C:\Program Files\Notepad++;C:\Program Files\Git\cmd;C:\Program Files\PowerShell\7-preview\preview;C:\Users\grand\AppData\Local\Microsoft\WindowsApps;C:\Program Files\Python39;C:\Program Files\Git\bin;C:\Users\grand\AppData\Local\Programs\Microsoft VS Code\bin;



Done! You can now compile ESP-IDF projects.

Go to the project directory and run:

    idf.py build