C:\Users\grand\espressif\esp-idf\examples\get-started\hello_world>idf.py flash

Executing action: flash

Serial port COM7

Connecting...

COM7 failed to connect: Write timeout

Serial port COM6

COM6 failed to connect: could not open port 'COM6': OSError(22, 'Превышен таймаут семафора.', None, 121)

Serial port COM3

Connecting.........

Detecting chip type... ESP32

Running ninja in directory c:\users\grand\espressif\esp-idf\examples\get-started\hello_world\build

Executing "ninja flash"...

[1/5] cmd.exe /C "cd /D C:\Users\grand\espressif\esp-i...xamples/get-started/hello_world/build/hello-world.bin"

hello-world.bin binary size 0x28d70 bytes. Smallest app partition is 0x100000 bytes. 0xd7290 bytes (84%) free.

[2/5] Performing build step for 'bootloader'

[1/1] cmd.exe /C "cd /D C:\Users\grand\espressif\esp-idf\examples\get-started\hello_world\build\bootloader\esp-idf\esptool_py && C:\Users\grand\.espressif\python_env\idf4.4_py3.9_env\Scripts\python.exe C:/Users/grand/espressif/esp-idf/components/partition_table/check_sizes.py --offset 0x8000 bootloader 0x1000 C:/Users/grand/espressif/esp-idf/examples/get-started/hello_world/build/bootloader/bootloader.bin"

Bootloader binary size 0x5ff0 bytes. 0x1010 bytes (17%) free.

[2/3] cmd.exe /C "cd /D C:\Users\grand\espressif\esp-i...f/esp-idf/components/esptool_py/run_serial_tool.cmake"

esptool.py esp32 -p COM3 -b 460800 --before=default_reset --after=hard_reset write_flash --flash_mode dio --flash_freq 40m --flash_size 2MB 0x1000 bootloader/bootloader.bin 0x10000 hello-world.bin 0x8000 partition_table/partition-table.bin

esptool.py v3.2-dev

Serial port COM3

Connecting....

Chip is ESP32-D0WDQ6 (revision 1)

Features: WiFi, BT, Dual Core, 240MHz, VRef calibration in efuse, Coding Scheme None

Crystal is 40MHz

MAC: 08:3a:f2:a9:a8:c0

Uploading stub...

Running stub...

Stub running...

Changing baud rate to 460800

Changed.

Configuring flash size...

Flash will be erased from 0x00001000 to 0x00006fff...

Flash will be erased from 0x00010000 to 0x00038fff...

Flash will be erased from 0x00008000 to 0x00008fff...

Compressed 24560 bytes to 15331...

Writing at 0x00001000... (100 %)

Wrote 24560 bytes (15331 compressed) at 0x00001000 in 0.6 seconds (effective 306.1 kbit/s)...

Hash of data verified.

Compressed 167280 bytes to 88451...

Writing at 0x00010000... (16 %)

Writing at 0x0001ae14... (33 %)

Writing at 0x00020646... (50 %)

Writing at 0x00025e0f... (66 %)

Writing at 0x0002e418... (83 %)

Writing at 0x00036830... (100 %)

Wrote 167280 bytes (88451 compressed) at 0x00010000 in 2.3 seconds (effective 578.9 kbit/s)...

Hash of data verified.

Compressed 3072 bytes to 103...

Writing at 0x00008000... (100 %)

Wrote 3072 bytes (103 compressed) at 0x00008000 in 0.1 seconds (effective 431.9 kbit/s)...

Hash of data verified.



Leaving...

Hard resetting via RTS pin...

Done

