C:\Users\grand\espressif\esp-idf>set

ALLUSERSPROFILE=C:\ProgramData

APPDATA=C:\Users\grand\AppData\Roaming

ChocolateyInstall=C:\ProgramData\chocolatey

CommonProgramFiles=C:\Program Files\Common Files

CommonProgramFiles(x86)=C:\Program Files (x86)\Common Files

CommonProgramW6432=C:\Program Files\Common Files

COMPUTERNAME=ILLUSION

ComSpec=C:\WINDOWS\system32\cmd.exe

DriverData=C:\Windows\System32\Drivers\DriverData

HOMEDRIVE=C:

HOMEPATH=\Users\grand

IDF_PATH=C:\Users\grand\espressif\esp-idf

INTEL_DEV_REDIST=C:\Program Files (x86)\Common Files\Intel\Shared Libraries\

KICAD_SYMBOL_DIR=C:\Program Files\KiCad\share\kicad\library

KICAD_TEMPLATE_DIR=C:\Program Files\KiCad\share\kicad\template

KISYS3DMOD=C:\Program Files\KiCad\share\kicad\modules\packages3d

KISYSMOD=C:\Program Files\KiCad\share\kicad\modules

LOCALAPPDATA=C:\Users\grand\AppData\Local

LOGONSERVER=\\ILLUSION

MIC_LD_LIBRARY_PATH=C:\Program Files (x86)\Common Files\Intel\Shared Libraries\compiler\lib\mic

NUMBER_OF_PROCESSORS=24

OneDrive=C:\Users\grand\OneDrive

OneDriveConsumer=C:\Users\grand\OneDrive

OS=Windows_NT

Path=C:\ActiveTcl\bin;C:\Program Files (x86)\Common Files\Intel\Shared Libraries\redist\intel64\compiler;C:\Program Files\Python39\Scripts\;C:\Program Files\Python39\;C:\Program Files\Common Files\Oracle\Java\javapath;C:\WINDOWS\system32;C:\WINDOWS;C:\WINDOWS\System32\Wbem;C:\WINDOWS\System32\WindowsPowerShell\v1.0\;C:\WINDOWS\System32\OpenSSH\;C:\Program Files\NVIDIA Corporation\NVIDIA NvDLISR;C:\Program Files (x86)\Calibre2\;C:\Program Files\PuTTY\;C:\Program Files\MiKTeX\miktex\bin\x64\;C:\Program Files\nodejs\;C:\ProgramData\chocolatey\bin;C:\Program Files\Polyspace\R2021a\runtime\win64;C:\Program Files\Polyspace\R2021a\bin;C:\Program Files\Polyspace\R2021a\polyspace\bin;C:\Program Files\Microchip\xc8\v2.31\bin;C:\Program Files\Microsoft SQL Server\Client SDK\ODBC\110\Tools\Binn\;C:\Program Files (x86)\Microsoft SQL Server\120\Tools\Binn\;C:\Program Files\Microsoft SQL Server\120\Tools\Binn\;C:\Program Files\Microsoft SQL Server\120\DTS\Binn\;C:\Program Files (x86)\Windows Kits\8.1\Windows Performance Toolkit\;C:\Utils\;C:\Program Files\dotnet\;C:\Program Files\Python39\;C:\Program Files\Notepad++;C:\Program Files\Git\cmd;C:\Program Files\PowerShell\7-preview\preview;C:\Users\grand\AppData\Local\Microsoft\WindowsApps;C:\Program Files\Python39;C:\Program Files\Git\bin;C:\Users\grand\AppData\Local\Programs\Microsoft VS Code\bin;

PATHEXT=.COM;.EXE;.BAT;.CMD;.VBS;.VBE;.JS;.JSE;.WSF;.WSH;.MSC;.PY;.PYW

POWERSHELL_DISTRIBUTION_CHANNEL=MSI:Windows 10 Pro

PROCESSOR_ARCHITECTURE=AMD64

PROCESSOR_IDENTIFIER=Intel64 Family 6 Model 63 Stepping 2, GenuineIntel

PROCESSOR_LEVEL=6

PROCESSOR_REVISION=3f02

ProgramData=C:\ProgramData

ProgramFiles=C:\Program Files

ProgramFiles(x86)=C:\Program Files (x86)

ProgramW6432=C:\Program Files

PROMPT=$P$G

PSModulePath=C:\WINDOWS\system32\WindowsPowerShell\v1.0\Modules\;C:\Program Files (x86)\Microsoft SQL Server\120\Tools\PowerShell\Modules\

PUBLIC=C:\Users\Public

SESSIONNAME=Console

SystemDrive=C:

SystemRoot=C:\WINDOWS

TARGETS="all"

TEMP=C:\Users\grand\AppData\Local\Temp

TMP=C:\Users\grand\AppData\Local\Temp

USERDOMAIN=ILLUSION

USERDOMAIN_ROAMINGPROFILE=ILLUSION

USERNAME=grand

USERPROFILE=C:\Users\grand

VBOX_MSI_INSTALL_PATH=C:\Program Files\Oracle\VirtualBox\

windir=C:\WINDOWS



C:\Users\grand\espressif\esp-idf>